\BOOKMARK [1][-]{section.1}{Algorithms and Implementations}{}% 1
\BOOKMARK [2][-]{subsection.1.1}{Apriori}{section.1}% 2
\BOOKMARK [3][-]{subsubsection.1.1.1}{Naive Apriori \(pythonapriorinaive\)}{subsection.1.1}% 3
\BOOKMARK [3][-]{subsubsection.1.1.2}{Apriori with Prefix Generation \(pythonaprioriprefix\)}{subsection.1.1}% 4
\BOOKMARK [3][-]{subsubsection.1.1.3}{Apriori with Prefix Generation and Vertical Database Representation \(pythonaprioriprefixvdb\)}{subsection.1.1}% 5
\BOOKMARK [3][-]{subsubsection.1.1.4}{Apriori with Prefix Generation and Vertical Database Representation using Dictionaries \(pythonaprioridict\)}{subsection.1.1}% 6
\BOOKMARK [2][-]{subsection.1.2}{Depth-First Search}{section.1}% 7
\BOOKMARK [1][-]{section.2}{Performance}{}% 8
\BOOKMARK [2][-]{subsection.2.1}{Function calls}{section.2}% 9
\BOOKMARK [2][-]{subsection.2.2}{Time}{section.2}% 10
\BOOKMARK [3][-]{subsubsection.2.2.1}{Accidents}{subsection.2.2}% 11
\BOOKMARK [3][-]{subsubsection.2.2.2}{Chess}{subsection.2.2}% 12
\BOOKMARK [3][-]{subsubsection.2.2.3}{Connect}{subsection.2.2}% 13
\BOOKMARK [3][-]{subsubsection.2.2.4}{Mushroom}{subsection.2.2}% 14
\BOOKMARK [3][-]{subsubsection.2.2.5}{Pumsb}{subsection.2.2}% 15
\BOOKMARK [3][-]{subsubsection.2.2.6}{Pumsb\137star}{subsection.2.2}% 16
\BOOKMARK [3][-]{subsubsection.2.2.7}{Retail}{subsection.2.2}% 17
\BOOKMARK [2][-]{subsection.2.3}{Memory}{section.2}% 18
\BOOKMARK [3][-]{subsubsection.2.3.1}{Accidents}{subsection.2.3}% 19
\BOOKMARK [3][-]{subsubsection.2.3.2}{Chess}{subsection.2.3}% 20
\BOOKMARK [3][-]{subsubsection.2.3.3}{Connect}{subsection.2.3}% 21
\BOOKMARK [3][-]{subsubsection.2.3.4}{Mushroom}{subsection.2.3}% 22
\BOOKMARK [3][-]{subsubsection.2.3.5}{Pumsb}{subsection.2.3}% 23
\BOOKMARK [3][-]{subsubsection.2.3.6}{Pumsb\137star}{subsection.2.3}% 24
\BOOKMARK [3][-]{subsubsection.2.3.7}{Retail}{subsection.2.3}% 25
\BOOKMARK [1][-]{figure.14}{References}{}% 26
